Build started 9/22/2013 10:45:44 PM.
     1>Project "D:\Documents\_Documents\Programming\3. College\Computing I\Program 1\Program 1\Program 1.vcxproj" on node 2 (Build target(s)).
     1>Link:
         C:\Program Files (x86)\Microsoft Visual Studio 11.0\VC\bin\link.exe /ERRORREPORT:PROMPT /OUT:"D:\Documents\_Documents\Programming\3. College\Computing I\Program 1\Debug\Program 1.exe" /INCREMENTAL /NOLOGO kernel32.lib user32.lib gdi32.lib winspool.lib comdlg32.lib advapi32.lib shell32.lib ole32.lib oleaut32.lib uuid.lib odbc32.lib odbccp32.lib /MANIFEST /MANIFESTUAC:"level='asInvoker' uiAccess='false'" /manifest:embed /DEBUG /PDB:"D:\Documents\_Documents\Programming\3. College\Computing I\Program 1\Debug\Program 1.pdb" /SUBSYSTEM:CONSOLE /TLBID:1 /DYNAMICBASE /NXCOMPAT /IMPLIB:"D:\Documents\_Documents\Programming\3. College\Computing I\Program 1\Debug\Program 1.lib" /MACHINE:X86 Debug\program1a.obj
         Debug\program1b.obj
     1>program1b.obj : error LNK2005: _main already defined in program1a.obj
     1>D:\Documents\_Documents\Programming\3. College\Computing I\Program 1\Debug\Program 1.exe : fatal error LNK1169: one or more multiply defined symbols found
     1>Done Building Project "D:\Documents\_Documents\Programming\3. College\Computing I\Program 1\Program 1\Program 1.vcxproj" (Build target(s)) -- FAILED.

Build FAILED.

Time Elapsed 00:00:00.25
