Build started 10/6/2013 8:26:22 PM.
     1>Project "D:\Documents\_Documents\Coding\3. College\Computing I\_Old\test2\test2\test2.vcxproj" on node 2 (Build target(s)).
     1>ClCompile:
         C:\Program Files (x86)\Microsoft Visual Studio 11.0\VC\bin\CL.exe /c /ZI /nologo /W3 /WX- /Od /Oy- /D WIN32 /D _DEBUG /D _CONSOLE /D _UNICODE /D UNICODE /Gm /EHsc /RTC1 /MDd /GS /fp:precise /Zc:wchar_t /Zc:forScope /Fo"Debug\\" /Fd"Debug\vc110.pdb" /Gd /TC /analyze- /errorReport:prompt main.c
         main.c
     1>d:\documents\_documents\coding\3. college\computing i\_old\test2\test2\main.c(6): error C2059: syntax error : 'bad suffix on number'
     1>d:\documents\_documents\coding\3. college\computing i\_old\test2\test2\main.c(6): error C2143: syntax error : missing ';' before 'constant'
     1>d:\documents\_documents\coding\3. college\computing i\_old\test2\test2\main.c(6): warning C4091: ' ' : ignored on left of 'int' when no variable is declared
     1>d:\documents\_documents\coding\3. college\computing i\_old\test2\test2\main.c(6): error C2146: syntax error : missing ';' before identifier 'ave'
     1>d:\documents\_documents\coding\3. college\computing i\_old\test2\test2\main.c(6): error C2065: 'ave' : undeclared identifier
     1>Done Building Project "D:\Documents\_Documents\Coding\3. College\Computing I\_Old\test2\test2\test2.vcxproj" (Build target(s)) -- FAILED.

Build FAILED.

Time Elapsed 00:00:00.08
