Build started 11/4/2013 11:05:34 PM.
     1>Project "D:\Documents\_Documents\Coding\3. College\Computing I\Program 4\program4c2\program4c2\program4c2.vcxproj" on node 2 (Build target(s)).
     1>ClCompile:
         C:\Program Files (x86)\Microsoft Visual Studio 11.0\VC\bin\CL.exe /c /ZI /nologo /W3 /WX- /sdl /Od /Oy- /D _MBCS /Gm /EHsc /RTC1 /MDd /GS /fp:precise /Zc:wchar_t /Zc:forScope /Fo"Debug\\" /Fd"Debug\vc110.pdb" /Gd /TC /analyze- /errorReport:prompt program4c.c
         program4c.c
     1>d:\documents\_documents\coding\3. college\computing i\program 4\program4c2\program4c2\program4c.c(56): error C4996: 'scanf': This function or variable may be unsafe. Consider using scanf_s instead. To disable deprecation, use _CRT_SECURE_NO_WARNINGS. See online help for details.
                 c:\program files (x86)\microsoft visual studio 11.0\vc\include\stdio.h(290) : see declaration of 'scanf'
     1>Done Building Project "D:\Documents\_Documents\Coding\3. College\Computing I\Program 4\program4c2\program4c2\program4c2.vcxproj" (Build target(s)) -- FAILED.

Build FAILED.

Time Elapsed 00:00:00.08
